<?xml version="1.0" encoding="UTF-8"?>
<testng-results skipped="0" failed="0" ignored="0" total="2" passed="2">
  <reporter-output>
  </reporter-output>
  <suite name="Default suite" duration-ms="51811" started-at="2019-06-14T04:34:00Z" finished-at="2019-06-14T04:34:52Z">
    <groups>
      <group name="cucumber">
        <method signature="AbstractTestNGCucumberTests.runScenario(cucumber.api.testng.PickleEventWrapper, cucumber.api.testng.CucumberFeatureWrapper)[pri:0, instance:runner.EditRunTest@31a5c39e]" name="runScenario" class="cucumber.api.testng.AbstractTestNGCucumberTests"/>
      </group> <!-- cucumber -->
    </groups>
    <test name="Default test" duration-ms="51811" started-at="2019-06-14T04:34:00Z" finished-at="2019-06-14T04:34:52Z">
      <class name="runner.EditRunTest">
        <test-method status="PASS" signature="setUpClass()[pri:0, instance:runner.EditRunTest@31a5c39e]" name="setUpClass" is-config="true" duration-ms="160" started-at="2019-06-14T04:34:00Z" finished-at="2019-06-14T04:34:00Z">
          <reporter-output>
          </reporter-output>
        </test-method> <!-- setUpClass -->
        <test-method status="PASS" signature="runScenario(cucumber.api.testng.PickleEventWrapper, cucumber.api.testng.CucumberFeatureWrapper)[pri:0, instance:runner.EditRunTest@31a5c39e]" name="runScenario" duration-ms="22836" started-at="2019-06-14T04:34:00Z" description="Runs Cucumber Scenarios" data-provider="scenarios" finished-at="2019-06-14T04:34:23Z">
          <params>
            <param index="0">
              <value>
                <![CDATA["EditLead Positive Flow"]]>
              </value>
            </param>
            <param index="1">
              <value>
                <![CDATA["Rename Companyname"]]>
              </value>
            </param>
          </params>
          <reporter-output>
          </reporter-output>
        </test-method> <!-- runScenario -->
        <test-method status="PASS" signature="runScenario(cucumber.api.testng.PickleEventWrapper, cucumber.api.testng.CucumberFeatureWrapper)[pri:0, instance:runner.EditRunTest@31a5c39e]" name="runScenario" duration-ms="28726" started-at="2019-06-14T04:34:23Z" description="Runs Cucumber Scenarios" data-provider="scenarios" finished-at="2019-06-14T04:34:52Z">
          <params>
            <param index="0">
              <value>
                <![CDATA["EditLead Positive Flow"]]>
              </value>
            </param>
            <param index="1">
              <value>
                <![CDATA["Rename Companyname"]]>
              </value>
            </param>
          </params>
          <reporter-output>
          </reporter-output>
        </test-method> <!-- runScenario -->
        <test-method status="PASS" signature="tearDownClass()[pri:0, instance:runner.EditRunTest@31a5c39e]" name="tearDownClass" is-config="true" duration-ms="5" started-at="2019-06-14T04:34:52Z" finished-at="2019-06-14T04:34:52Z">
          <reporter-output>
          </reporter-output>
        </test-method> <!-- tearDownClass -->
      </class> <!-- runner.EditRunTest -->
    </test> <!-- Default test -->
  </suite> <!-- Default suite -->
</testng-results>
